<?xml version="1.0" encoding="UTF-8"?>
<testsuite name="fr.ldtb.studio.apidemodevops.ApiDemoDevopsApplicationTests" tests="1" skipped="0" failures="0" errors="0" timestamp="2024-10-25T10:16:54" hostname="21SE36-JRBVVD3" time="0.48">
  <properties/>
  <testcase name="contextLoads()" classname="fr.ldtb.studio.apidemodevops.ApiDemoDevopsApplicationTests" time="0.48"/>
  <system-out><![CDATA[12:16:53.817 [Test worker] INFO org.springframework.test.context.support.AnnotationConfigContextLoaderUtils -- Could not detect default configuration classes for test class [fr.ldtb.studio.apidemodevops.ApiDemoDevopsApplicationTests]: ApiDemoDevopsApplicationTests does not declare any static, non-private, non-final, nested classes annotated with @Configuration.
12:16:53.912 [Test worker] INFO org.springframework.boot.test.context.SpringBootTestContextBootstrapper -- Found @SpringBootConfiguration fr.ldtb.studio.apidemodevops.ApiDemoDevopsApplication for test class fr.ldtb.studio.apidemodevops.ApiDemoDevopsApplicationTests

  .   ____          _            __ _ _
 /\\ / ___'_ __ _ _(_)_ __  __ _ \ \ \ \
( ( )\___ | '_ | '_| | '_ \/ _` | \ \ \ \
 \\/  ___)| |_)| | | | | || (_| |  ) ) ) )
  '  |____| .__|_| |_|_| |_\__, | / / / /
 =========|_|==============|___/=/_/_/_/

 :: Spring Boot ::                (v3.3.4)

2024-10-25T12:16:54.178+02:00  INFO 8464 --- [apiDemoDevops] [    Test worker] f.l.s.a.ApiDemoDevopsApplicationTests    : Starting ApiDemoDevopsApplicationTests using Java 17.0.12 with PID 8464 (started by yrenarddumont2024 in D:\code den\apiDemoDevops)
2024-10-25T12:16:54.179+02:00  INFO 8464 --- [apiDemoDevops] [    Test worker] f.l.s.a.ApiDemoDevopsApplicationTests    : No active profile set, falling back to 1 default profile: "default"
2024-10-25T12:16:54.911+02:00  INFO 8464 --- [apiDemoDevops] [    Test worker] f.l.s.a.ApiDemoDevopsApplicationTests    : Started ApiDemoDevopsApplicationTests in 0.896 seconds (process running for 1.688)
]]></system-out>
  <system-err><![CDATA[]]></system-err>
</testsuite>
